<?xml version="1.0" encoding="UTF-8"?>
<!-- Generated by org.testng.reporters.JUnitReportReporter -->
<testsuite hostname="ALPS-PSO4L" name="com.test.TestTask" tests="4" failures="0" timestamp="22 Sep 2016 06:31:28 GMT" time="0.186" errors="0">
  <testcase name="testTaskPut" time="0.061" classname="com.test.TestTask"/>
  <testcase name="testTaskDelete" time="0.058" classname="com.test.TestTask"/>
  <testcase name="testTaskGet" time="0.029" classname="com.test.TestTask"/>
  <testcase name="testTaskPost" time="0.038" classname="com.test.TestTask"/>
</testsuite> <!-- com.test.TestTask -->
