<?xml version="1.0" encoding="UTF-8"?>
<!-- Generated by org.testng.reporters.JUnitReportReporter -->
<testsuite hostname="ALPS-PSO4L" name="com.test.TestTasks" tests="4" failures="0" timestamp="26 Aug 2016 05:37:29 GMT" time="0.191" errors="0">
  <testcase name="testTaskPost" time="0.060" classname="com.test.TestTasks"/>
  <testcase name="testTaskDelete" time="0.050" classname="com.test.TestTasks"/>
  <testcase name="testTaskGet" time="0.021" classname="com.test.TestTasks"/>
  <testcase name="testTaskPut" time="0.060" classname="com.test.TestTasks"/>
</testsuite> <!-- com.test.TestTasks -->
