<?xml version="1.0" encoding="UTF-8"?>
<!-- Generated by org.testng.reporters.JUnitReportReporter -->
<testsuite hostname="ALPS-PSO4L" name="com.test.TestAppointments" tests="4" failures="0" timestamp="26 Aug 2016 05:37:29 GMT" time="0.300" errors="0">
  <testcase name="testAppointmentPost" time="0.120" classname="com.test.TestAppointments"/>
  <testcase name="testAppointmentPut" time="0.060" classname="com.test.TestAppointments"/>
  <testcase name="testAppointmentDelete" time="0.080" classname="com.test.TestAppointments"/>
  <testcase name="testAppointmentGet" time="0.040" classname="com.test.TestAppointments"/>
</testsuite> <!-- com.test.TestAppointments -->
