<?xml version="1.0" encoding="UTF-8"?>
<!-- Generated by org.testng.reporters.JUnitReportReporter -->
<testsuite hostname="ALPS-PSO4L" name="com.restWebService.TestTasks" tests="4" failures="0" timestamp="22 Aug 2016 08:23:28 GMT" time="0.219" errors="0">
  <testcase name="testTaskPut" time="0.074" classname="com.restWebService.TestTasks"/>
  <testcase name="testTaskGet" time="0.022" classname="com.restWebService.TestTasks"/>
  <testcase name="testTaskDelete" time="0.059" classname="com.restWebService.TestTasks"/>
  <testcase name="testTaskPost" time="0.064" classname="com.restWebService.TestTasks"/>
</testsuite> <!-- com.restWebService.TestTasks -->
