<?xml version="1.0" encoding="UTF-8"?>
<!-- Generated by org.testng.reporters.JUnitReportReporter -->
<testsuite hostname="ALPS-PSO4L" name="com.restWebService.TestAppointments" tests="4" failures="0" timestamp="22 Aug 2016 08:23:28 GMT" time="0.287" errors="0">
  <testcase name="testAppointmentGet" time="0.027" classname="com.restWebService.TestAppointments"/>
  <testcase name="testAppointmentPut" time="0.073" classname="com.restWebService.TestAppointments"/>
  <testcase name="testAppointmentPost" time="0.065" classname="com.restWebService.TestAppointments"/>
  <testcase name="testAppointmentDelete" time="0.122" classname="com.restWebService.TestAppointments"/>
</testsuite> <!-- com.restWebService.TestAppointments -->
