<?xml version="1.0" encoding="UTF-8"?>
<!-- Generated by org.testng.reporters.JUnitReportReporter -->
<testsuite hostname="ALPS-PSO4L" name="com.test.TestProjects" tests="4" failures="0" timestamp="26 Aug 2016 05:37:29 GMT" time="0.931" errors="0">
  <testcase name="testProjectDelete" time="0.240" classname="com.test.TestProjects"/>
  <testcase name="testProjectPut" time="0.130" classname="com.test.TestProjects"/>
  <testcase name="testProjectGet" time="0.050" classname="com.test.TestProjects"/>
  <testcase name="testProjectPost" time="0.511" classname="com.test.TestProjects"/>
</testsuite> <!-- com.test.TestProjects -->
