<?xml version="1.0" encoding="UTF-8"?>
<!-- Generated by org.testng.reporters.JUnitReportReporter -->
<testsuite hostname="ALPS-PSO4L" name="com.restWebService.TestProjects" tests="4" failures="0" timestamp="22 Aug 2016 08:23:28 GMT" time="0.873" errors="0">
  <testcase name="testProjectPut" time="0.153" classname="com.restWebService.TestProjects"/>
  <testcase name="testProjectPost" time="0.444" classname="com.restWebService.TestProjects"/>
  <testcase name="testProjectGet" time="0.039" classname="com.restWebService.TestProjects"/>
  <testcase name="testProjectDelete" time="0.237" classname="com.restWebService.TestProjects"/>
</testsuite> <!-- com.restWebService.TestProjects -->
